  [1m[36m (453.7ms)[0m  [1mDROP DATABASE IF EXISTS "workshops_development"[0m
  [1m[35m (272.9ms)[0m  CREATE DATABASE "workshops_development" ENCODING = 'unicode'
  [1m[36mSQL (0.4ms)[0m  [1mCREATE EXTENSION IF NOT EXISTS "plpgsql"[0m
  [1m[35m (10.1ms)[0m  CREATE TABLE "categories" ("id" serial primary key, "name" character varying(255), "created_at" timestamp, "updated_at" timestamp) 
  [1m[36m (7.6ms)[0m  [1mCREATE TABLE "products" ("id" serial primary key, "title" character varying(255), "description" text, "price" float, "created_at" timestamp, "updated_at" timestamp, "category_id" integer, "user_id" integer) [0m
  [1m[35m (6.9ms)[0m  CREATE TABLE "reviews" ("id" serial primary key, "content" text, "rating" integer, "created_at" timestamp, "updated_at" timestamp, "product_id" integer, "user_id" integer) 
  [1m[36m (9.1ms)[0m  [1mCREATE TABLE "users" ("id" serial primary key, "email" character varying(255) DEFAULT '' NOT NULL, "encrypted_password" character varying(255) DEFAULT '' NOT NULL, "reset_password_token" character varying(255), "reset_password_sent_at" timestamp, "remember_created_at" timestamp, "sign_in_count" integer DEFAULT 0 NOT NULL, "current_sign_in_at" timestamp, "last_sign_in_at" timestamp, "current_sign_in_ip" character varying(255), "last_sign_in_ip" character varying(255), "created_at" timestamp, "updated_at" timestamp) [0m
  [1m[35m (2.8ms)[0m  CREATE UNIQUE INDEX  "index_users_on_email" ON "users" USING btree ("email")
  [1m[36m (3.6ms)[0m  [1mCREATE UNIQUE INDEX  "index_users_on_reset_password_token" ON "users" USING btree ("reset_password_token")[0m
  [1m[35m (1.3ms)[0m  CREATE TABLE "schema_migrations" ("version" character varying(255) NOT NULL) 
  [1m[36m (2.2ms)[0m  [1mCREATE UNIQUE INDEX  "unique_schema_migrations" ON "schema_migrations"  ("version")[0m
  [1m[35m (0.3ms)[0m  SELECT version FROM "schema_migrations"
  [1m[36m (0.7ms)[0m  [1mINSERT INTO "schema_migrations" (version) VALUES ('20140606091435')[0m
  [1m[35m (0.4ms)[0m  INSERT INTO "schema_migrations" (version) VALUES ('20140605201457')
  [1m[36m (0.4ms)[0m  [1mINSERT INTO "schema_migrations" (version) VALUES ('20140605201000')[0m
  [1m[35m (0.5ms)[0m  INSERT INTO "schema_migrations" (version) VALUES ('20140605201633')
  [1m[36m (0.5ms)[0m  [1mINSERT INTO "schema_migrations" (version) VALUES ('20140605225158')[0m
  [1m[35m (0.4ms)[0m  INSERT INTO "schema_migrations" (version) VALUES ('20140605204902')
  [1m[36m (0.5ms)[0m  [1mINSERT INTO "schema_migrations" (version) VALUES ('20140606071025')[0m
  [1m[35m (121.1ms)[0m  DROP DATABASE IF EXISTS "workshops_test"
  [1m[36m (346.2ms)[0m  [1mCREATE DATABASE "workshops_test" ENCODING = 'unicode'[0m
  [1m[35mSQL (0.6ms)[0m  CREATE EXTENSION IF NOT EXISTS "plpgsql"
  [1m[36m (6.3ms)[0m  [1mCREATE TABLE "categories" ("id" serial primary key, "name" character varying(255), "created_at" timestamp, "updated_at" timestamp) [0m
  [1m[35m (9.0ms)[0m  CREATE TABLE "products" ("id" serial primary key, "title" character varying(255), "description" text, "price" float, "created_at" timestamp, "updated_at" timestamp, "category_id" integer, "user_id" integer) 
  [1m[36m (5.1ms)[0m  [1mCREATE TABLE "reviews" ("id" serial primary key, "content" text, "rating" integer, "created_at" timestamp, "updated_at" timestamp, "product_id" integer, "user_id" integer) [0m
  [1m[35m (14.7ms)[0m  CREATE TABLE "users" ("id" serial primary key, "email" character varying(255) DEFAULT '' NOT NULL, "encrypted_password" character varying(255) DEFAULT '' NOT NULL, "reset_password_token" character varying(255), "reset_password_sent_at" timestamp, "remember_created_at" timestamp, "sign_in_count" integer DEFAULT 0 NOT NULL, "current_sign_in_at" timestamp, "last_sign_in_at" timestamp, "current_sign_in_ip" character varying(255), "last_sign_in_ip" character varying(255), "created_at" timestamp, "updated_at" timestamp) 
  [1m[36m (3.4ms)[0m  [1mCREATE UNIQUE INDEX  "index_users_on_email" ON "users" USING btree ("email")[0m
  [1m[35m (2.8ms)[0m  CREATE UNIQUE INDEX  "index_users_on_reset_password_token" ON "users" USING btree ("reset_password_token")
  [1m[36m (0.9ms)[0m  [1mCREATE TABLE "schema_migrations" ("version" character varying(255) NOT NULL) [0m
  [1m[35m (1.7ms)[0m  CREATE UNIQUE INDEX  "unique_schema_migrations" ON "schema_migrations"  ("version")
  [1m[36m (0.3ms)[0m  [1mSELECT version FROM "schema_migrations"[0m
  [1m[35m (0.5ms)[0m  INSERT INTO "schema_migrations" (version) VALUES ('20140606091435')
  [1m[36m (0.8ms)[0m  [1mINSERT INTO "schema_migrations" (version) VALUES ('20140605201457')[0m
  [1m[35m (0.5ms)[0m  INSERT INTO "schema_migrations" (version) VALUES ('20140605201000')
  [1m[36m (0.5ms)[0m  [1mINSERT INTO "schema_migrations" (version) VALUES ('20140605201633')[0m
  [1m[35m (0.4ms)[0m  INSERT INTO "schema_migrations" (version) VALUES ('20140605225158')
  [1m[36m (0.4ms)[0m  [1mINSERT INTO "schema_migrations" (version) VALUES ('20140605204902')[0m
  [1m[35m (0.4ms)[0m  INSERT INTO "schema_migrations" (version) VALUES ('20140606071025')
  [1m[36mActiveRecord::SchemaMigration Load (0.3ms)[0m  [1mSELECT "schema_migrations".* FROM "schema_migrations"[0m
  [1m[36mActiveRecord::SchemaMigration Load (0.3ms)[0m  [1mSELECT "schema_migrations".* FROM "schema_migrations"[0m
Migrating to AddFieldsToUser (20150615113621)
  [1m[35m (0.1ms)[0m  BEGIN
  [1m[36m (0.5ms)[0m  [1mALTER TABLE "users" ADD COLUMN "firstname" character varying(255)[0m
  [1m[35m (0.2ms)[0m  ALTER TABLE "users" ADD COLUMN "lastname" character varying(255)
  [1m[36m (10.3ms)[0m  [1mALTER TABLE "users" ADD COLUMN "admin" boolean DEFAULT 'f'[0m
  [1m[35mSQL (0.1ms)[0m  INSERT INTO "schema_migrations" ("version") VALUES ($1)  [["version", "20150615113621"]]
  [1m[36m (1.7ms)[0m  [1mCOMMIT[0m
  [1m[35mActiveRecord::SchemaMigration Load (0.2ms)[0m  SELECT "schema_migrations".* FROM "schema_migrations"
  [1m[36m (122.5ms)[0m  [1mDROP DATABASE IF EXISTS "workshops_development"[0m
  [1m[35m (263.4ms)[0m  CREATE DATABASE "workshops_development" ENCODING = 'unicode'
  [1m[36mSQL (0.3ms)[0m  [1mCREATE EXTENSION IF NOT EXISTS "plpgsql"[0m
  [1m[35m (6.3ms)[0m  CREATE TABLE "categories" ("id" serial primary key, "name" character varying(255), "created_at" timestamp, "updated_at" timestamp) 
  [1m[36m (5.4ms)[0m  [1mCREATE TABLE "products" ("id" serial primary key, "title" character varying(255), "description" text, "price" float, "created_at" timestamp, "updated_at" timestamp, "category_id" integer, "user_id" integer) [0m
  [1m[35m (4.5ms)[0m  CREATE TABLE "reviews" ("id" serial primary key, "content" text, "rating" integer, "created_at" timestamp, "updated_at" timestamp, "product_id" integer, "user_id" integer) 
  [1m[36m (6.4ms)[0m  [1mCREATE TABLE "users" ("id" serial primary key, "email" character varying(255) DEFAULT '' NOT NULL, "encrypted_password" character varying(255) DEFAULT '' NOT NULL, "reset_password_token" character varying(255), "reset_password_sent_at" timestamp, "remember_created_at" timestamp, "sign_in_count" integer DEFAULT 0 NOT NULL, "current_sign_in_at" timestamp, "last_sign_in_at" timestamp, "current_sign_in_ip" character varying(255), "last_sign_in_ip" character varying(255), "created_at" timestamp, "updated_at" timestamp, "firstname" character varying(255), "lastname" character varying(255), "admin" boolean DEFAULT 'f') [0m
  [1m[35m (2.0ms)[0m  CREATE UNIQUE INDEX  "index_users_on_email" ON "users" USING btree ("email")
  [1m[36m (3.6ms)[0m  [1mCREATE UNIQUE INDEX  "index_users_on_reset_password_token" ON "users" USING btree ("reset_password_token")[0m
  [1m[35m (1.1ms)[0m  CREATE TABLE "schema_migrations" ("version" character varying(255) NOT NULL) 
  [1m[36m (2.2ms)[0m  [1mCREATE UNIQUE INDEX  "unique_schema_migrations" ON "schema_migrations"  ("version")[0m
  [1m[35m (0.4ms)[0m  SELECT version FROM "schema_migrations"
  [1m[36m (0.7ms)[0m  [1mINSERT INTO "schema_migrations" (version) VALUES ('20150615113621')[0m
  [1m[35m (0.5ms)[0m  INSERT INTO "schema_migrations" (version) VALUES ('20140606091435')
  [1m[36m (0.5ms)[0m  [1mINSERT INTO "schema_migrations" (version) VALUES ('20140605201457')[0m
  [1m[35m (0.5ms)[0m  INSERT INTO "schema_migrations" (version) VALUES ('20140605201000')
  [1m[36m (0.5ms)[0m  [1mINSERT INTO "schema_migrations" (version) VALUES ('20140605201633')[0m
  [1m[35m (0.4ms)[0m  INSERT INTO "schema_migrations" (version) VALUES ('20140605225158')
  [1m[36m (0.4ms)[0m  [1mINSERT INTO "schema_migrations" (version) VALUES ('20140605204902')[0m
  [1m[35m (0.4ms)[0m  INSERT INTO "schema_migrations" (version) VALUES ('20140606071025')
  [1m[36m (121.5ms)[0m  [1mDROP DATABASE IF EXISTS "workshops_test"[0m
  [1m[35m (289.6ms)[0m  CREATE DATABASE "workshops_test" ENCODING = 'unicode'
  [1m[36mSQL (0.4ms)[0m  [1mCREATE EXTENSION IF NOT EXISTS "plpgsql"[0m
  [1m[35m (7.6ms)[0m  CREATE TABLE "categories" ("id" serial primary key, "name" character varying(255), "created_at" timestamp, "updated_at" timestamp) 
  [1m[36m (7.6ms)[0m  [1mCREATE TABLE "products" ("id" serial primary key, "title" character varying(255), "description" text, "price" float, "created_at" timestamp, "updated_at" timestamp, "category_id" integer, "user_id" integer) [0m
  [1m[35m (6.0ms)[0m  CREATE TABLE "reviews" ("id" serial primary key, "content" text, "rating" integer, "created_at" timestamp, "updated_at" timestamp, "product_id" integer, "user_id" integer) 
  [1m[36m (6.5ms)[0m  [1mCREATE TABLE "users" ("id" serial primary key, "email" character varying(255) DEFAULT '' NOT NULL, "encrypted_password" character varying(255) DEFAULT '' NOT NULL, "reset_password_token" character varying(255), "reset_password_sent_at" timestamp, "remember_created_at" timestamp, "sign_in_count" integer DEFAULT 0 NOT NULL, "current_sign_in_at" timestamp, "last_sign_in_at" timestamp, "current_sign_in_ip" character varying(255), "last_sign_in_ip" character varying(255), "created_at" timestamp, "updated_at" timestamp, "firstname" character varying(255), "lastname" character varying(255), "admin" boolean DEFAULT 'f') [0m
  [1m[35m (2.1ms)[0m  CREATE UNIQUE INDEX  "index_users_on_email" ON "users" USING btree ("email")
  [1m[36m (1.8ms)[0m  [1mCREATE UNIQUE INDEX  "index_users_on_reset_password_token" ON "users" USING btree ("reset_password_token")[0m
  [1m[35m (0.9ms)[0m  CREATE TABLE "schema_migrations" ("version" character varying(255) NOT NULL) 
  [1m[36m (2.0ms)[0m  [1mCREATE UNIQUE INDEX  "unique_schema_migrations" ON "schema_migrations"  ("version")[0m
  [1m[35m (4.0ms)[0m  SELECT version FROM "schema_migrations"
  [1m[36m (0.7ms)[0m  [1mINSERT INTO "schema_migrations" (version) VALUES ('20150615113621')[0m
  [1m[35m (1.8ms)[0m  INSERT INTO "schema_migrations" (version) VALUES ('20140606091435')
  [1m[36m (0.5ms)[0m  [1mINSERT INTO "schema_migrations" (version) VALUES ('20140605201457')[0m
  [1m[35m (0.5ms)[0m  INSERT INTO "schema_migrations" (version) VALUES ('20140605201000')
  [1m[36m (0.5ms)[0m  [1mINSERT INTO "schema_migrations" (version) VALUES ('20140605201633')[0m
  [1m[35m (0.4ms)[0m  INSERT INTO "schema_migrations" (version) VALUES ('20140605225158')
  [1m[36m (0.4ms)[0m  [1mINSERT INTO "schema_migrations" (version) VALUES ('20140605204902')[0m
  [1m[35m (0.4ms)[0m  INSERT INTO "schema_migrations" (version) VALUES ('20140606071025')
  [1m[36mActiveRecord::SchemaMigration Load (0.4ms)[0m  [1mSELECT "schema_migrations".* FROM "schema_migrations"[0m
  [1m[36mActiveRecord::SchemaMigration Load (0.3ms)[0m  [1mSELECT "schema_migrations".* FROM "schema_migrations"[0m
  [1m[35mActiveRecord::SchemaMigration Load (0.1ms)[0m  SELECT "schema_migrations".* FROM "schema_migrations"
  [1m[36m (152.0ms)[0m  [1mDROP DATABASE IF EXISTS "workshops_development"[0m
  [1m[35m (276.3ms)[0m  CREATE DATABASE "workshops_development" ENCODING = 'unicode'
  [1m[36mSQL (0.3ms)[0m  [1mCREATE EXTENSION IF NOT EXISTS "plpgsql"[0m
  [1m[35m (7.0ms)[0m  CREATE TABLE "categories" ("id" serial primary key, "name" character varying(255), "created_at" timestamp, "updated_at" timestamp) 
  [1m[36m (5.9ms)[0m  [1mCREATE TABLE "products" ("id" serial primary key, "title" character varying(255), "description" text, "price" float, "created_at" timestamp, "updated_at" timestamp, "category_id" integer, "user_id" integer) [0m
  [1m[35m (5.1ms)[0m  CREATE TABLE "reviews" ("id" serial primary key, "content" text, "rating" integer, "created_at" timestamp, "updated_at" timestamp, "product_id" integer, "user_id" integer) 
  [1m[36m (5.7ms)[0m  [1mCREATE TABLE "users" ("id" serial primary key, "email" character varying(255) DEFAULT '' NOT NULL, "encrypted_password" character varying(255) DEFAULT '' NOT NULL, "reset_password_token" character varying(255), "reset_password_sent_at" timestamp, "remember_created_at" timestamp, "sign_in_count" integer DEFAULT 0 NOT NULL, "current_sign_in_at" timestamp, "last_sign_in_at" timestamp, "current_sign_in_ip" character varying(255), "last_sign_in_ip" character varying(255), "created_at" timestamp, "updated_at" timestamp, "firstname" character varying(255), "lastname" character varying(255), "admin" boolean DEFAULT 'f') [0m
  [1m[35m (2.0ms)[0m  CREATE UNIQUE INDEX  "index_users_on_email" ON "users" USING btree ("email")
  [1m[36m (3.6ms)[0m  [1mCREATE UNIQUE INDEX  "index_users_on_reset_password_token" ON "users" USING btree ("reset_password_token")[0m
  [1m[35m (1.1ms)[0m  CREATE TABLE "schema_migrations" ("version" character varying(255) NOT NULL) 
  [1m[36m (1.9ms)[0m  [1mCREATE UNIQUE INDEX  "unique_schema_migrations" ON "schema_migrations"  ("version")[0m
  [1m[35m (0.2ms)[0m  SELECT version FROM "schema_migrations"
  [1m[36m (0.6ms)[0m  [1mINSERT INTO "schema_migrations" (version) VALUES ('20150615113621')[0m
  [1m[35m (0.5ms)[0m  INSERT INTO "schema_migrations" (version) VALUES ('20140606091435')
  [1m[36m (0.4ms)[0m  [1mINSERT INTO "schema_migrations" (version) VALUES ('20140605201457')[0m
  [1m[35m (0.5ms)[0m  INSERT INTO "schema_migrations" (version) VALUES ('20140605201000')
  [1m[36m (0.5ms)[0m  [1mINSERT INTO "schema_migrations" (version) VALUES ('20140605201633')[0m
  [1m[35m (0.4ms)[0m  INSERT INTO "schema_migrations" (version) VALUES ('20140605225158')
  [1m[36m (0.4ms)[0m  [1mINSERT INTO "schema_migrations" (version) VALUES ('20140605204902')[0m
  [1m[35m (0.4ms)[0m  INSERT INTO "schema_migrations" (version) VALUES ('20140606071025')
  [1m[36m (368.0ms)[0m  [1mDROP DATABASE IF EXISTS "workshops_test"[0m
  [1m[35m (433.5ms)[0m  CREATE DATABASE "workshops_test" ENCODING = 'unicode'
  [1m[36mSQL (0.8ms)[0m  [1mCREATE EXTENSION IF NOT EXISTS "plpgsql"[0m
  [1m[35m (13.7ms)[0m  CREATE TABLE "categories" ("id" serial primary key, "name" character varying(255), "created_at" timestamp, "updated_at" timestamp) 
  [1m[36m (9.4ms)[0m  [1mCREATE TABLE "products" ("id" serial primary key, "title" character varying(255), "description" text, "price" float, "created_at" timestamp, "updated_at" timestamp, "category_id" integer, "user_id" integer) [0m
  [1m[35m (6.9ms)[0m  CREATE TABLE "reviews" ("id" serial primary key, "content" text, "rating" integer, "created_at" timestamp, "updated_at" timestamp, "product_id" integer, "user_id" integer) 
  [1m[36m (5.8ms)[0m  [1mCREATE TABLE "users" ("id" serial primary key, "email" character varying(255) DEFAULT '' NOT NULL, "encrypted_password" character varying(255) DEFAULT '' NOT NULL, "reset_password_token" character varying(255), "reset_password_sent_at" timestamp, "remember_created_at" timestamp, "sign_in_count" integer DEFAULT 0 NOT NULL, "current_sign_in_at" timestamp, "last_sign_in_at" timestamp, "current_sign_in_ip" character varying(255), "last_sign_in_ip" character varying(255), "created_at" timestamp, "updated_at" timestamp, "firstname" character varying(255), "lastname" character varying(255), "admin" boolean DEFAULT 'f') [0m
  [1m[35m (1.9ms)[0m  CREATE UNIQUE INDEX  "index_users_on_email" ON "users" USING btree ("email")
  [1m[36m (1.7ms)[0m  [1mCREATE UNIQUE INDEX  "index_users_on_reset_password_token" ON "users" USING btree ("reset_password_token")[0m
  [1m[35m (1.0ms)[0m  CREATE TABLE "schema_migrations" ("version" character varying(255) NOT NULL) 
  [1m[36m (1.9ms)[0m  [1mCREATE UNIQUE INDEX  "unique_schema_migrations" ON "schema_migrations"  ("version")[0m
  [1m[35m (2.2ms)[0m  SELECT version FROM "schema_migrations"
  [1m[36m (0.8ms)[0m  [1mINSERT INTO "schema_migrations" (version) VALUES ('20150615113621')[0m
  [1m[35m (0.6ms)[0m  INSERT INTO "schema_migrations" (version) VALUES ('20140606091435')
  [1m[36m (0.6ms)[0m  [1mINSERT INTO "schema_migrations" (version) VALUES ('20140605201457')[0m
  [1m[35m (0.7ms)[0m  INSERT INTO "schema_migrations" (version) VALUES ('20140605201000')
  [1m[36m (0.5ms)[0m  [1mINSERT INTO "schema_migrations" (version) VALUES ('20140605201633')[0m
  [1m[35m (0.4ms)[0m  INSERT INTO "schema_migrations" (version) VALUES ('20140605225158')
  [1m[36m (0.6ms)[0m  [1mINSERT INTO "schema_migrations" (version) VALUES ('20140605204902')[0m
  [1m[35m (0.7ms)[0m  INSERT INTO "schema_migrations" (version) VALUES ('20140606071025')
  [1m[36mActiveRecord::SchemaMigration Load (0.4ms)[0m  [1mSELECT "schema_migrations".* FROM "schema_migrations"[0m


Started GET "/" for 127.0.0.1 at 2015-06-15 04:56:51 -0700
  [1m[36mActiveRecord::SchemaMigration Load (0.5ms)[0m  [1mSELECT "schema_migrations".* FROM "schema_migrations"[0m
Processing by CategoriesController#index as HTML
  [1m[35mCategory Load (0.6ms)[0m  SELECT "categories".* FROM "categories"
  Rendered categories/index.html.haml within layouts/application (20.2ms)
Warning. Error encountered while saving cache 05a660e54bbc5cf4b172ba5c9ece6a6c10d72e94/application.css.scssc: can't dump anonymous class #<Class:0x007fed4bf183e0>

Warning. Error encountered while saving cache 950bda2a847b401054bd7448c6821ccc1575f2d5/bootstrap.scssc: can't dump anonymous class #<Class:0x007fed4bf183e0>

Warning. Error encountered while saving cache 0fed40a252b4174bb8a16d26d42c39e40a3c60e8/_variables.scssc: can't dump anonymous class #<Class:0x007fed4bf183e0>

Warning. Error encountered while saving cache 0fed40a252b4174bb8a16d26d42c39e40a3c60e8/_mixins.scssc: can't dump anonymous class #<Class:0x007fed4bf183e0>

Warning. Error encountered while saving cache 96c09d746fa8087a34792a636fb5a2eb60e9d97e/_hide-text.scssc: can't dump anonymous class #<Class:0x007fed4bf183e0>

Warning. Error encountered while saving cache 96c09d746fa8087a34792a636fb5a2eb60e9d97e/_opacity.scssc: can't dump anonymous class #<Class:0x007fed4bf183e0>

Warning. Error encountered while saving cache 96c09d746fa8087a34792a636fb5a2eb60e9d97e/_image.scssc: can't dump anonymous class #<Class:0x007fed4bf183e0>

Warning. Error encountered while saving cache 96c09d746fa8087a34792a636fb5a2eb60e9d97e/_labels.scssc: can't dump anonymous class #<Class:0x007fed4bf183e0>

Warning. Error encountered while saving cache 96c09d746fa8087a34792a636fb5a2eb60e9d97e/_reset-filter.scssc: can't dump anonymous class #<Class:0x007fed4bf183e0>

Warning. Error encountered while saving cache 96c09d746fa8087a34792a636fb5a2eb60e9d97e/_resize.scssc: can't dump anonymous class #<Class:0x007fed4bf183e0>

Warning. Error encountered while saving cache 96c09d746fa8087a34792a636fb5a2eb60e9d97e/_responsive-visibility.scssc: can't dump anonymous class #<Class:0x007fed4bf183e0>

Warning. Error encountered while saving cache 96c09d746fa8087a34792a636fb5a2eb60e9d97e/_size.scssc: can't dump anonymous class #<Class:0x007fed4bf183e0>

Warning. Error encountered while saving cache 96c09d746fa8087a34792a636fb5a2eb60e9d97e/_tab-focus.scssc: can't dump anonymous class #<Class:0x007fed4bf183e0>

Warning. Error encountered while saving cache 96c09d746fa8087a34792a636fb5a2eb60e9d97e/_text-emphasis.scssc: can't dump anonymous class #<Class:0x007fed4bf183e0>

Warning. Error encountered while saving cache 96c09d746fa8087a34792a636fb5a2eb60e9d97e/_text-overflow.scssc: can't dump anonymous class #<Class:0x007fed4bf183e0>

Warning. Error encountered while saving cache 96c09d746fa8087a34792a636fb5a2eb60e9d97e/_vendor-prefixes.scssc: can't dump anonymous class #<Class:0x007fed4bf183e0>

Warning. Error encountered while saving cache 96c09d746fa8087a34792a636fb5a2eb60e9d97e/_alerts.scssc: can't dump anonymous class #<Class:0x007fed4bf183e0>

Warning. Error encountered while saving cache 96c09d746fa8087a34792a636fb5a2eb60e9d97e/_buttons.scssc: can't dump anonymous class #<Class:0x007fed4bf183e0>

Warning. Error encountered while saving cache 96c09d746fa8087a34792a636fb5a2eb60e9d97e/_panels.scssc: can't dump anonymous class #<Class:0x007fed4bf183e0>

Warning. Error encountered while saving cache 96c09d746fa8087a34792a636fb5a2eb60e9d97e/_pagination.scssc: can't dump anonymous class #<Class:0x007fed4bf183e0>

Warning. Error encountered while saving cache 96c09d746fa8087a34792a636fb5a2eb60e9d97e/_list-group.scssc: can't dump anonymous class #<Class:0x007fed4bf183e0>

Warning. Error encountered while saving cache 96c09d746fa8087a34792a636fb5a2eb60e9d97e/_nav-divider.scssc: can't dump anonymous class #<Class:0x007fed4bf183e0>

Warning. Error encountered while saving cache 96c09d746fa8087a34792a636fb5a2eb60e9d97e/_forms.scssc: can't dump anonymous class #<Class:0x007fed4bf183e0>

Warning. Error encountered while saving cache 96c09d746fa8087a34792a636fb5a2eb60e9d97e/_progress-bar.scssc: can't dump anonymous class #<Class:0x007fed4bf183e0>

Warning. Error encountered while saving cache 96c09d746fa8087a34792a636fb5a2eb60e9d97e/_table-row.scssc: can't dump anonymous class #<Class:0x007fed4bf183e0>

Warning. Error encountered while saving cache 96c09d746fa8087a34792a636fb5a2eb60e9d97e/_background-variant.scssc: can't dump anonymous class #<Class:0x007fed4bf183e0>

Warning. Error encountered while saving cache 96c09d746fa8087a34792a636fb5a2eb60e9d97e/_border-radius.scssc: can't dump anonymous class #<Class:0x007fed4bf183e0>

Warning. Error encountered while saving cache 96c09d746fa8087a34792a636fb5a2eb60e9d97e/_gradients.scssc: can't dump anonymous class #<Class:0x007fed4bf183e0>

Warning. Error encountered while saving cache 96c09d746fa8087a34792a636fb5a2eb60e9d97e/_clearfix.scssc: can't dump anonymous class #<Class:0x007fed4bf183e0>

Warning. Error encountered while saving cache 96c09d746fa8087a34792a636fb5a2eb60e9d97e/_center-block.scssc: can't dump anonymous class #<Class:0x007fed4bf183e0>

Warning. Error encountered while saving cache 96c09d746fa8087a34792a636fb5a2eb60e9d97e/_nav-vertical-align.scssc: can't dump anonymous class #<Class:0x007fed4bf183e0>

Warning. Error encountered while saving cache 96c09d746fa8087a34792a636fb5a2eb60e9d97e/_grid-framework.scssc: can't dump anonymous class #<Class:0x007fed4bf183e0>

Warning. Error encountered while saving cache 96c09d746fa8087a34792a636fb5a2eb60e9d97e/_grid.scssc: can't dump anonymous class #<Class:0x007fed4bf183e0>

Warning. Error encountered while saving cache 0fed40a252b4174bb8a16d26d42c39e40a3c60e8/_normalize.scssc: can't dump anonymous class #<Class:0x007fed4bf183e0>

Warning. Error encountered while saving cache 0fed40a252b4174bb8a16d26d42c39e40a3c60e8/_print.scssc: can't dump anonymous class #<Class:0x007fed4bf183e0>

Warning. Error encountered while saving cache 0fed40a252b4174bb8a16d26d42c39e40a3c60e8/_glyphicons.scssc: can't dump anonymous class #<Class:0x007fed4bf183e0>

Warning. Error encountered while saving cache 0fed40a252b4174bb8a16d26d42c39e40a3c60e8/_scaffolding.scssc: can't dump anonymous class #<Class:0x007fed4bf183e0>

Warning. Error encountered while saving cache 0fed40a252b4174bb8a16d26d42c39e40a3c60e8/_type.scssc: can't dump anonymous class #<Class:0x007fed4bf183e0>

Warning. Error encountered while saving cache 0fed40a252b4174bb8a16d26d42c39e40a3c60e8/_code.scssc: can't dump anonymous class #<Class:0x007fed4bf183e0>

Warning. Error encountered while saving cache 0fed40a252b4174bb8a16d26d42c39e40a3c60e8/_grid.scssc: can't dump anonymous class #<Class:0x007fed4bf183e0>

Warning. Error encountered while saving cache 0fed40a252b4174bb8a16d26d42c39e40a3c60e8/_tables.scssc: can't dump anonymous class #<Class:0x007fed4bf183e0>

Warning. Error encountered while saving cache 0fed40a252b4174bb8a16d26d42c39e40a3c60e8/_forms.scssc: can't dump anonymous class #<Class:0x007fed4bf183e0>

Warning. Error encountered while saving cache 0fed40a252b4174bb8a16d26d42c39e40a3c60e8/_buttons.scssc: can't dump anonymous class #<Class:0x007fed4bf183e0>

Warning. Error encountered while saving cache 0fed40a252b4174bb8a16d26d42c39e40a3c60e8/_component-animations.scssc: can't dump anonymous class #<Class:0x007fed4bf183e0>

Warning. Error encountered while saving cache 0fed40a252b4174bb8a16d26d42c39e40a3c60e8/_dropdowns.scssc: can't dump anonymous class #<Class:0x007fed4bf183e0>

Warning. Error encountered while saving cache 0fed40a252b4174bb8a16d26d42c39e40a3c60e8/_button-groups.scssc: can't dump anonymous class #<Class:0x007fed4bf183e0>

Warning. Error encountered while saving cache 0fed40a252b4174bb8a16d26d42c39e40a3c60e8/_input-groups.scssc: can't dump anonymous class #<Class:0x007fed4bf183e0>

Warning. Error encountered while saving cache 0fed40a252b4174bb8a16d26d42c39e40a3c60e8/_navs.scssc: can't dump anonymous class #<Class:0x007fed4bf183e0>

Warning. Error encountered while saving cache 0fed40a252b4174bb8a16d26d42c39e40a3c60e8/_navbar.scssc: can't dump anonymous class #<Class:0x007fed4bf183e0>

Warning. Error encountered while saving cache 0fed40a252b4174bb8a16d26d42c39e40a3c60e8/_breadcrumbs.scssc: can't dump anonymous class #<Class:0x007fed4bf183e0>

Warning. Error encountered while saving cache 0fed40a252b4174bb8a16d26d42c39e40a3c60e8/_pagination.scssc: can't dump anonymous class #<Class:0x007fed4bf183e0>

Warning. Error encountered while saving cache 0fed40a252b4174bb8a16d26d42c39e40a3c60e8/_pager.scssc: can't dump anonymous class #<Class:0x007fed4bf183e0>

Warning. Error encountered while saving cache 0fed40a252b4174bb8a16d26d42c39e40a3c60e8/_labels.scssc: can't dump anonymous class #<Class:0x007fed4bf183e0>

Warning. Error encountered while saving cache 0fed40a252b4174bb8a16d26d42c39e40a3c60e8/_badges.scssc: can't dump anonymous class #<Class:0x007fed4bf183e0>

Warning. Error encountered while saving cache 0fed40a252b4174bb8a16d26d42c39e40a3c60e8/_jumbotron.scssc: can't dump anonymous class #<Class:0x007fed4bf183e0>

Warning. Error encountered while saving cache 0fed40a252b4174bb8a16d26d42c39e40a3c60e8/_thumbnails.scssc: can't dump anonymous class #<Class:0x007fed4bf183e0>

Warning. Error encountered while saving cache 0fed40a252b4174bb8a16d26d42c39e40a3c60e8/_alerts.scssc: can't dump anonymous class #<Class:0x007fed4bf183e0>

Warning. Error encountered while saving cache 0fed40a252b4174bb8a16d26d42c39e40a3c60e8/_progress-bars.scssc: can't dump anonymous class #<Class:0x007fed4bf183e0>

Warning. Error encountered while saving cache 0fed40a252b4174bb8a16d26d42c39e40a3c60e8/_media.scssc: can't dump anonymous class #<Class:0x007fed4bf183e0>

Warning. Error encountered while saving cache 0fed40a252b4174bb8a16d26d42c39e40a3c60e8/_list-group.scssc: can't dump anonymous class #<Class:0x007fed4bf183e0>

Warning. Error encountered while saving cache 0fed40a252b4174bb8a16d26d42c39e40a3c60e8/_panels.scssc: can't dump anonymous class #<Class:0x007fed4bf183e0>

Warning. Error encountered while saving cache 0fed40a252b4174bb8a16d26d42c39e40a3c60e8/_responsive-embed.scssc: can't dump anonymous class #<Class:0x007fed4bf183e0>

Warning. Error encountered while saving cache 0fed40a252b4174bb8a16d26d42c39e40a3c60e8/_wells.scssc: can't dump anonymous class #<Class:0x007fed4bf183e0>

Warning. Error encountered while saving cache 0fed40a252b4174bb8a16d26d42c39e40a3c60e8/_close.scssc: can't dump anonymous class #<Class:0x007fed4bf183e0>

Warning. Error encountered while saving cache 0fed40a252b4174bb8a16d26d42c39e40a3c60e8/_modals.scssc: can't dump anonymous class #<Class:0x007fed4bf183e0>

Warning. Error encountered while saving cache 0fed40a252b4174bb8a16d26d42c39e40a3c60e8/_tooltip.scssc: can't dump anonymous class #<Class:0x007fed4bf183e0>

Warning. Error encountered while saving cache 0fed40a252b4174bb8a16d26d42c39e40a3c60e8/_popovers.scssc: can't dump anonymous class #<Class:0x007fed4bf183e0>

Warning. Error encountered while saving cache 0fed40a252b4174bb8a16d26d42c39e40a3c60e8/_carousel.scssc: can't dump anonymous class #<Class:0x007fed4bf183e0>

Warning. Error encountered while saving cache 0fed40a252b4174bb8a16d26d42c39e40a3c60e8/_utilities.scssc: can't dump anonymous class #<Class:0x007fed4bf183e0>

Warning. Error encountered while saving cache 0fed40a252b4174bb8a16d26d42c39e40a3c60e8/_responsive-utilities.scssc: can't dump anonymous class #<Class:0x007fed4bf183e0>

Completed 200 OK in 2504ms (Views: 2500.0ms | ActiveRecord: 0.6ms)
